<?xml version="1.0" encoding="UTF-8"?>
<!-- Generated by org.testng.reporters.JUnitXMLReporter -->
<testsuite ignored="0" hostname="beeafcabeefc305410197ebdafdffbcdbbebtwo-0" failures="0" tests="3" name="Surefire test" time="44.989" errors="0" timestamp="2023-09-25T11:22:28 UTC">
  <testcase classname="runner.Testcase2" name="SearchProduct" time="7.71"/>
  <testcase classname="runner.Testcase3" name="addtocart" time="16.253"/>
  <testcase classname="runner.Testcase1" name="todaysDeal" time="4.468"/>
</testsuite> <!-- Surefire test -->
